This is pdfeTeX, Version 3.141592-1.21a-2.2 (Web2C 7.5.4) (format=pdflatex 2007.8.1)  24 FEB 2011 17:05
entering extended mode
**eqrmtech.tex
(./eqrmtech.tex
LaTeX2e <2003/12/01>
Babel <v3.8d> and hyphenation patterns for american, french, german, ngerman, b
ahasa, basque, bulgarian, catalan, croatian, czech, danish, dutch, esperanto, e
stonian, finnish, greek, icelandic, irish, italian, latin, magyar, norsk, polis
h, portuges, romanian, russian, serbian, slovak, slovene, spanish, swedish, tur
kish, ukrainian, nohyphenation, loaded.
(/usr/share/texmf/tex/latex/base/report.cls
Document Class: report 2004/02/16 v1.4f Standard LaTeX document class
(/usr/share/texmf/tex/latex/base/size12.clo
File: size12.clo 2004/02/16 v1.4f Standard LaTeX file (size option)
)
\c@part=\count79
\c@chapter=\count80
\c@section=\count81
\c@subsection=\count82
\c@subsubsection=\count83
\c@paragraph=\count84
\c@subparagraph=\count85
\c@figure=\count86
\c@table=\count87
\abovecaptionskip=\skip41
\belowcaptionskip=\skip42
\bibindent=\dimen102
)
(/usr/share/texmf/tex/latex/amsmath/amsmath.sty
Package: amsmath 2000/07/18 v2.13 AMS math features
\@mathmargin=\skip43

For additional information on amsmath, use the `?' option.
(/usr/share/texmf/tex/latex/amsmath/amstext.sty
Package: amstext 2000/06/29 v2.01

(/usr/share/texmf/tex/latex/amsmath/amsgen.sty
File: amsgen.sty 1999/11/30 v2.0
\@emptytoks=\toks14
\ex@=\dimen103
))
(/usr/share/texmf/tex/latex/amsmath/amsbsy.sty
Package: amsbsy 1999/11/29 v1.2d
\pmbraise@=\dimen104
)
(/usr/share/texmf/tex/latex/amsmath/amsopn.sty
Package: amsopn 1999/12/14 v2.01 operator names
)
\inf@bad=\count88
LaTeX Info: Redefining \frac on input line 211.
\uproot@=\count89
\leftroot@=\count90
LaTeX Info: Redefining \overline on input line 307.
\classnum@=\count91
\DOTSCASE@=\count92
LaTeX Info: Redefining \ldots on input line 379.
LaTeX Info: Redefining \dots on input line 382.
LaTeX Info: Redefining \cdots on input line 467.
\Mathstrutbox@=\box26
\strutbox@=\box27
\big@size=\dimen105
LaTeX Font Info:    Redeclaring font encoding OML on input line 567.
LaTeX Font Info:    Redeclaring font encoding OMS on input line 568.
\macc@depth=\count93
\c@MaxMatrixCols=\count94
\dotsspace@=\muskip10
\c@parentequation=\count95
\dspbrk@lvl=\count96
\tag@help=\toks15
\row@=\count97
\column@=\count98
\maxfields@=\count99
\andhelp@=\toks16
\eqnshift@=\dimen106
\alignsep@=\dimen107
\tagshift@=\dimen108
\tagwidth@=\dimen109
\totwidth@=\dimen110
\lineht@=\dimen111
\@envbody=\toks17
\multlinegap=\skip44
\multlinetaggap=\skip45
\mathdisplay@stack=\toks18
LaTeX Info: Redefining \[ on input line 2666.
LaTeX Info: Redefining \] on input line 2667.
)
(/usr/share/texmf/tex/latex/graphics/graphicx.sty
Package: graphicx 1999/02/16 v1.0f Enhanced LaTeX Graphics (DPC,SPQR)

(/usr/share/texmf/tex/latex/graphics/keyval.sty
Package: keyval 1999/03/16 v1.13 key=value parser (DPC)
\KV@toks@=\toks19
)
(/usr/share/texmf/tex/latex/graphics/graphics.sty
Package: graphics 2001/07/07 v1.0n Standard LaTeX Graphics (DPC,SPQR)

(/usr/share/texmf/tex/latex/graphics/trig.sty
Package: trig 1999/03/16 v1.09 sin cos tan (DPC)
)
(/usr/share/texmf/tex/latex/graphics/graphics.cfg
File: graphics.cfg 2005/02/03 v1.3 graphics configuration of teTeX/TeXLive
)
Package graphics Info: Driver file: pdftex.def on input line 80.

(/usr/share/texmf/tex/latex/graphics/pdftex.def
File: pdftex.def 2002/06/19 v0.03k graphics/color for pdftex
\Gread@gobject=\count100
))
\Gin@req@height=\dimen112
\Gin@req@width=\dimen113
)
(/usr/share/texmf/tex/latex/fancybox/fancybox.sty
Package: fancybox 2000/09/19 1.3

Style option: `fancybox' v1.3 <2000/09/19> (tvz)
\@fancybox=\box28
\shadowsize=\dimen114
\@Sbox=\box29
\do@VerbBox=\toks20
\the@fancyput=\toks21
\this@fancyput=\toks22
\EndVerbatimTokens=\toks23
\Verbatim@Outfile=\write3
\Verbatim@Infile=\read1
) (/usr/share/texmf/tex/latex/natbib/natbib.sty
Package: natbib 2003/06/06 7.1 (PWD)
\bibhang=\skip46
\bibsep=\skip47
LaTeX Info: Redefining \cite on input line 518.
\c@NAT@ctr=\count101
)
(/usr/share/texmf/tex/latex/base/makeidx.sty
Package: makeidx 2000/03/29 v1.0m Standard LaTeX package
)
(/usr/share/texmf/tex/latex/url/url.sty
\Urlmuskip=\muskip11
Package: url 2004/03/15  ver 3.1  Verb mode for urls, etc.
) (./psfrag.sty
Package: psfrag 1998/04/11 v3.04 PSfrag (MCG)
\pfg@pcount=\count102
\pfg@scount=\count103
\pfg@temp=\write4
) (./supertabular.sty
Package: supertabular 2002/07/19 v4.1e the supertabular environment
\c@tracingst=\count104
\ST@wd=\dimen115
\ST@rightskip=\skip48
\ST@leftskip=\skip49
\ST@parfillskip=\skip50
\ST@pageleft=\dimen116
\ST@headht=\dimen117
\ST@tailht=\dimen118
\ST@pagesofar=\dimen119
\ST@pboxht=\dimen120
\ST@lineht=\dimen121
\ST@stretchht=\dimen122
\ST@prevht=\dimen123
\ST@toadd=\dimen124
\ST@dimen=\dimen125
\ST@pbox=\box30
)
(./drcaptionstyle.sty) (/usr/share/texmf/tex/latex/listings/listings.sty
\lst@mode=\count105
\lst@gtempboxa=\box31
\lst@token=\toks24
\lst@length=\count106
\lst@currlwidth=\dimen126
\lst@column=\count107
\lst@pos=\count108
\lst@lostspace=\dimen127
\lst@width=\dimen128
\lst@newlines=\count109
\lst@lineno=\count110
\c@lstlisting=\count111
\lst@maxwidth=\dimen129

(/usr/share/texmf/tex/latex/listings/lstpatch.sty
File: lstpatch.sty 2004/10/17 1.3b (Carsten Heinz)
)
(/usr/share/texmf/tex/latex/listings/lstmisc.sty
File: lstmisc.sty 2004/09/07 1.3 (Carsten Heinz)
\c@lstnumber=\count112
\lst@skipnumbers=\count113
\lst@framebox=\box32
)
(/usr/share/texmf/tex/latex/listings/listings.cfg
File: listings.cfg 2004/09/05 1.3 listings configuration
))
Package: listings 2004/10/17 1.3b (Carsten Heinz)

(/usr/share/texmf/tex/latex/graphics/color.sty
Package: color 1999/02/16 v1.0i Standard LaTeX Color (DPC)

(/usr/share/texmf/tex/latex/graphics/color.cfg
File: color.cfg 2005/02/03 v1.3 color configuration of teTeX/TeXLive
)
Package color Info: Driver file: pdftex.def on input line 125.

(/usr/share/texmf/tex/latex/graphics/dvipsnam.def
File: dvipsnam.def 1999/02/16 v3.0i Driver-dependant file (DPC,SPQR)
))
(/usr/share/texmf/tex/latex/graphics/lscape.sty
Package: lscape 2000/10/22 v3.01 Landscape Pages (DPC)
) (./eqrmtech-macros.tex)
\@indexfile=\write5
\openout5 = `eqrmtech.idx'.


Writing index file eqrmtech.idx
(./eqrmtech.aux (./eqrmtech-intro.aux) (./eqrmtech-hv-application.aux)
(./eqrmtech-h-source.aux) (./eqrmtech-hv-grids.aux

LaTeX Warning: Label `sec:grids-bdatabase' multiply defined.


LaTeX Warning: Label `sec:grids-constructionclass' multiply defined.


LaTeX Warning: Label `tab:hazus-types' multiply defined.


LaTeX Warning: Label `tab:v-dam-allbtypes' multiply defined.


LaTeX Warning: Label `sec:grids-usageclass' multiply defined.


LaTeX Warning: Label `tab:grids-FCB' multiply defined.


LaTeX Warning: Label `tab:grids-HAZUSusage' multiply defined.


LaTeX Warning: Label `sec:grids-replacecosts' multiply defined.

) (./eqrmtech-h-attn.aux) (./eqrmtech-h-regolith.aux) (./eqrmtech-v-damage.aux)
(./eqrmtech-v-losses.aux) (./eqrmtech-v-risk.aux))
\openout1 = `eqrmtech.aux'.

LaTeX Font Info:    Checking defaults for OML/cmm/m/it on input line 62.
LaTeX Font Info:    ... okay on input line 62.
LaTeX Font Info:    Checking defaults for T1/cmr/m/n on input line 62.
LaTeX Font Info:    ... okay on input line 62.
LaTeX Font Info:    Checking defaults for OT1/cmr/m/n on input line 62.
LaTeX Font Info:    ... okay on input line 62.
LaTeX Font Info:    Checking defaults for OMS/cmsy/m/n on input line 62.
LaTeX Font Info:    ... okay on input line 62.
LaTeX Font Info:    Checking defaults for OMX/cmex/m/n on input line 62.
LaTeX Font Info:    ... okay on input line 62.
LaTeX Font Info:    Checking defaults for U/cmr/m/n on input line 62.
LaTeX Font Info:    ... okay on input line 62.

(/usr/share/texmf/tex/context/base/supp-pdf.tex
(/usr/share/texmf/tex/context/base/supp-mis.tex
loading : Context Support Macros / Miscellaneous (2004.10.26)
\protectiondepth=\count114
\scratchcounter=\count115
\scratchtoks=\toks25
\scratchdimen=\dimen130
\scratchskip=\skip51
\scratchmuskip=\muskip12
\scratchbox=\box33
\scratchread=\read2
\scratchwrite=\write6
\zeropoint=\dimen131
\onepoint=\dimen132
\onebasepoint=\dimen133
\minusone=\count116
\thousandpoint=\dimen134
\onerealpoint=\dimen135
\emptytoks=\toks26
\nextbox=\box34
\nextdepth=\dimen136
\everyline=\toks27
\!!counta=\count117
\!!countb=\count118
\recursecounter=\count119
)
loading : Context Support Macros / PDF (2004.03.26)
\nofMPsegments=\count120
\nofMParguments=\count121
\MPscratchCnt=\count122
\MPscratchDim=\dimen137
\MPnumerator=\count123
\everyMPtoPDFconversion=\toks28
) [1
Non-PDF special ignored!

{/usr/share/texmf-var/fonts/map/pdftex/updmap/pdftex.map}] [1] [2] [3] (./eqrmt
ech.toc [4

] [5] [6] [7])
\tf@toc=\write7
\openout7 = `eqrmtech.toc'.

 [8]
\openout2 = `eqrmtech-intro.aux'.

 (./eqrmtech-intro.tex
Chapter 1.

Package natbib Warning: Citation `dr_Dhu02a' on page 1 undefined on input line 
24.


Package natbib Warning: Citation `dr_Sinadinovski05a' on page 1 undefined on in
put line 25.

[1


]
LaTeX Font Info:    Try loading font information for OMS+cmr on input line 67.
 (/usr/share/texmf/tex/latex/base/omscmr.fd
File: omscmr.fd 1999/05/25 v2.5h Standard LaTeX font definitions
)
LaTeX Font Info:    Font shape `OMS/cmr/m/n' in size <12> not available
(Font)              Font shape `OMS/cmsy/m/n' tried instead on input line 67.
 [2] [3]) [4]
\openout2 = `eqrmtech-hv-application.aux'.


(./eqrmtech-hv-application.tex
Chapter 2.
(./param_list_text.tex [5



] [6]
Overfull \hbox (12.0pt too wide) in paragraph at lines 60--116
[][] 
 []

[7]
Underfull \hbox (badness 10000) in paragraph at lines 121--128
[]\OT1/cmr/m/n/12 Extra tag for spec-i-fy-ing a unique source zone file. If
 []


Underfull \hbox (badness 5147) in paragraph at lines 121--128
\OT1/cmtt/m/n/12 zone[]source[]tag \OT1/cmr/m/n/12 is de-fined the file-name fo
r the zone source file is
 []


Underfull \hbox (badness 10000) in paragraph at lines 121--128
\OT1/cmtt/m/n/12 <site[]tag>[]zone[]source[]<fault[]source[]tag>.xml\OT1/cmr/m/
n/12 . Oth-er-wise it is
 []


Underfull \hbox (badness 10000) in paragraph at lines 129--136
[]\OT1/cmr/m/n/12 Extra tag for spec-i-fy-ing a unique source fault file. If
 []


Underfull \hbox (badness 3769) in paragraph at lines 129--136
\OT1/cmtt/m/n/12 fault[]source[]tag \OT1/cmr/m/n/12 is de-fined the file-name f
or the fault source file is
 []


Underfull \hbox (badness 10000) in paragraph at lines 129--136
\OT1/cmtt/m/n/12 <site[]tag>[]fault[]source[]<fault[]source[]tag>.xml\OT1/cmr/m
/n/12 . Oth-er-wise it is
 []


Underfull \hbox (badness 10000) in paragraph at lines 137--150
[]\OT1/cmr/m/n/12 Extra tag for spec-i-fy-ing a unique event con-trol file. If
 []


Underfull \hbox (badness 10000) in paragraph at lines 137--150
\OT1/cmtt/m/n/12 fault[]source[]tag \OT1/cmr/m/n/12 is de-fined the file-name f
or the event con-trol is
 []


Underfull \hbox (badness 10000) in paragraph at lines 137--150
\OT1/cmtt/m/n/12 <site[]tag>[]event[]control[]<event[]control[]tag>.xml \OT1/cm
r/m/n/12 Oth-er-wise it is
 []


Overfull \hbox (12.0pt too wide) in paragraph at lines 118--152
[][] 
 []

[8]
Overfull \hbox (12.0pt too wide) in paragraph at lines 154--187
[][] 
 []


Overfull \hbox (12.0pt too wide) in paragraph at lines 190--236
[][] 
 []

[9]
Overfull \hbox (12.0pt too wide) in paragraph at lines 237--257
[][] 
 []

[10]
Overfull \hbox (12.0pt too wide) in paragraph at lines 259--291
[][] 
 []

[11]
Overfull \hbox (12.0pt too wide) in paragraph at lines 293--308
[][] 
 []


Overfull \hbox (12.0pt too wide) in paragraph at lines 310--348
[][] 
 []

[12]
Overfull \hbox (12.0pt too wide) in paragraph at lines 353--378
[][] 
 []

[13]
Overfull \hbox (12.0pt too wide) in paragraph at lines 381--407
[][] 
 []

)
Overfull \hbox (12.0pt too wide) in paragraph at lines 409--63
[][] 
 []

[14] [15] (../../demo/setdata_ProbHaz.py
LaTeX Font Info:    Font shape `OMS/cmr/m/n' in size <8> not available
(Font)              Font shape `OMS/cmsy/m/n' tried instead on input line 26.
 [16

]) [17]
(../../demo/input/newc_zone_source.xml
LaTeX Font Info:    Try loading font information for OML+cmr on input line 1.

(/usr/share/texmf/tex/latex/base/omlcmr.fd
File: omlcmr.fd 1999/05/25 v2.5h Standard LaTeX font definitions
)
LaTeX Font Info:    Font shape `OML/cmr/m/n' in size <8> not available
(Font)              Font shape `OML/cmm/m/it' tried instead on input line 1.
 [18

] [19] [20]) [21] [22]
Overfull \hbox (11.39235pt too wide) in paragraph at lines 184--186
[]\OT1/cmtt/m/n/12 A[]min\OT1/cmr/m/n/12 : Ex-pected num-ber of earth-quakes wi
th mag-ni-tude \OT1/cmtt/m/n/12 recurrence[]min[]mag
 []

[23] (../../demo/input/newc_fault_source.xml [24]) [25]
Overfull \hbox (31.36932pt too wide) in paragraph at lines 268--276
\OT1/cmr/m/n/12 For in-traslab earth-quakes the EQRM sup-ports only \OT1/cmtt/m
/n/12 bounded[]gutenberg[]richter\OT1/cmr/m/n/12 . 
 []

(./xml_examples/event_type_controlfile_example.xml [26]) [27]
Overfull \hbox (116.34967pt too wide) in paragraph at lines 330--336
\OT1/cmr/m/n/12 only al-low-able op-tions are \OT1/cmtt/m/n/12 Wells[]and[]Copp
ersmith[]94 \OT1/cmr/m/n/12 and \OT1/cmtt/m/n/12 modified[]Wells[]and[]Coppersm
ith[]94\OT1/cmr/m/n/12 . 
 []


Underfull \hbox (badness 10000) in paragraph at lines 337--342

 []


Overfull \hbox (16.5694pt too wide) in paragraph at lines 345--384
 [] 
 []

[28] [29] (./xml_examples/java_par_site.csv) (./xml_examples/sitedb_newc.csv
[30]) [31] [32]

Package natbib Warning: Citation `dr_ABS01a' on page 33 undefined on input line
 645.


Package natbib Warning: Citation `dr_ABS01a' on page 33 undefined on input line
 645.


LaTeX Warning: Float too large for page by 48.09898pt on input line 703.


Package natbib Warning: Citation `dr_FEMA99b' on page 33 undefined on input lin
e 710.


Package natbib Warning: Citation `dr_FEMA99b' on page 33 undefined on input lin
e 710.

[33] [34] [35] [36] [37] (./xml_examples/java_par_ampfactors.xml [38

]) [39]
[40]) [41]
\openout2 = `eqrmtech-h-source.aux'.

 (./eqrmtech-h-source.tex
Chapter 3.

Package natbib Warning: Citation `dr_Cornell68a' on page 42 undefined on input 
line 15.


Package natbib Warning: Citation `dr_McGuire90a' on page 42 undefined on input 
line 16.


Package natbib Warning: Citation `dr_Schwartz84' on page 42 undefined on input 
line 25.


Underfull \hbox (badness 10000) in paragraph at lines 27--33

 []

[42



]
Underfull \hbox (badness 10000) in paragraph at lines 34--37

 []

[43] <diags/fig-hrupture-3d.pdf, id=205, 326.21875pt x 403.5075pt>
File: diags/fig-hrupture-3d.pdf Graphic file (type pdf)

<use diags/fig-hrupture-3d.pdf>
<diags/fig-hrupture-2d.pdf, id=206, 269.005pt x 385.44pt>
File: diags/fig-hrupture-2d.pdf Graphic file (type pdf)

<use diags/fig-hrupture-2d.pdf>
Overfull \hbox (3.89513pt too wide) in paragraph at lines 107--139
 [][] 
 []


LaTeX Warning: Reference `tab:site-loc-par-sourcezones' on page 44 undefined on
 input line 165.

[44 <./diags/fig-hrupture-3d.pdf> <./diags/fig-hrupture-2d.pdf>] [45]
<diags/fig-hsource-trace-starts.pdf, id=231, 598.235pt x 845.1575pt>
File: diags/fig-hsource-trace-starts.pdf Graphic file (type pdf)

<use diags/fig-hsource-trace-starts.pdf> [46] [47 <./diags/fig-hsource-trace-st
arts.pdf>]
Underfull \hbox (badness 10000) in paragraph at lines 223--225

 []


Underfull \hbox (badness 10000) in paragraph at lines 234--236

 []


LaTeX Warning: Reference `fig:traces' on page 48 undefined on input line 238.


LaTeX Warning: Reference `ds' on page 48 undefined on input line 247.


LaTeX Warning: Reference `fig:rzrange' on page 48 undefined on input line 249.

[48] [49] <diags/geomoutplane.pdf, id=249, 1483.5425pt x 1464.47125pt>
File: diags/geomoutplane.pdf Graphic file (type pdf)

<use diags/geomoutplane.pdf>

LaTeX Warning: Reference `sec:faultplane' on page 50 undefined on input line 33
1.

[50] [51 <./diags/geomoutplane.pdf>]
<diags/geomwidth.png, id=262, 1529.715pt x 646.415pt>
File: diags/geomwidth.png Graphic file (type png)

<use diags/geomwidth.png>

LaTeX Warning: Reference `ra' on page 52 undefined on input line 354.


LaTeX Warning: Reference `eq:rw' on page 52 undefined on input line 354.


LaTeX Warning: Reference `ds' on page 52 undefined on input line 366.


LaTeX Warning: Reference `eq:newrs' on page 52 undefined on input line 366.


LaTeX Warning: Reference `eq:newre' on page 52 undefined on input line 366.

[52 <./diags/geomwidth.png>]

LaTeX Warning: Reference `eq:newrs' on page 53 undefined on input line 405.


LaTeX Warning: Reference `eq:newre' on page 53 undefined on input line 405.

[53] <diags/gt90.pdf, id=276, 1470.49374pt x 1229.59375pt>
File: diags/gt90.pdf Graphic file (type pdf)

<use diags/gt90.pdf> [54]

LaTeX Warning: Reference `eq:rsll' on page 55 undefined on input line 486.


LaTeX Warning: Reference `eq:rell' on page 55 undefined on input line 486.

[55 <./diags/gt90.pdf>] <diags/gt180.png, id=289, 1479.5275pt x 1463.4675pt>
File: diags/gt180.png Graphic file (type png)

<use diags/gt180.png>

LaTeX Warning: Reference `eq:rsll' on page 56 undefined on input line 540.

[56] [57 <./diags/gt180.png>]
<diags/fig-hsource-overlapping-zones.pdf, id=296, 471.46138pt x 277.20566pt>
File: diags/fig-hsource-overlapping-zones.pdf Graphic file (type pdf)

<use diags/fig-hsource-overlapping-zones.pdf> [58 <./diags/fig-hsource-overlapp
ing-zones.pdf>]
<diags/fig-hattn-montecarlo.pdf, id=315, 1414.53468pt x 1624.24823pt>
File: diags/fig-hattn-montecarlo.pdf Graphic file (type pdf)

<use diags/fig-hattn-montecarlo.pdf>

Package natbib Warning: Citation `dr_Kramer96a' on page 59 undefined on input l
ine 608.

[59] [60 <./diags/fig-hattn-montecarlo.pdf>]

Package natbib Warning: Citation `dr_Kramer96a' on page 61 undefined on input l
ine 656.


LaTeX Warning: Reference `app:discret-pdf' on page 61 undefined on input line 6
63.


Package natbib Warning: Citation `dr_Kramer96a' on page 61 undefined on input l
ine 672.

<diags/fig-hsource-eventstatstri.pdf, id=329, 492.84125pt x 494.84875pt>
File: diags/fig-hsource-eventstatstri.pdf Graphic file (type pdf)

<use diags/fig-hsource-eventstatstri.pdf>

Package natbib Warning: Citation `dr_Dhu02b' on page 61 undefined on input line
 699.


Package natbib Warning: Citation `dr_Dhu02b' on page 61 undefined on input line
 699.

<diags/fig-hsource-eventstatsrec.pdf, id=330, 492.84125pt x 494.84875pt>
File: diags/fig-hsource-eventstatsrec.pdf Graphic file (type pdf)

<use diags/fig-hsource-eventstatsrec.pdf>

Package natbib Warning: Citation `dr_Dhu02b' on page 61 undefined on input line
 709.


Package natbib Warning: Citation `dr_Dhu02b' on page 61 undefined on input line
 709.

<diags/fig-hsource-eventstats_tri_rec.pdf, id=331, 492.84125pt x 494.84875pt>
File: diags/fig-hsource-eventstats_tri_rec.pdf Graphic file (type pdf)

<use diags/fig-hsource-eventstats_tri_rec.pdf>

Package natbib Warning: Citation `dr_Dhu02b' on page 61 undefined on input line
 724.


Package natbib Warning: Citation `dr_Dhu02b' on page 61 undefined on input line
 724.

<diags/fig-hsource-eventstatsall.pdf, id=332, 492.84125pt x 494.84875pt>
File: diags/fig-hsource-eventstatsall.pdf Graphic file (type pdf)

<use diags/fig-hsource-eventstatsall.pdf>

Package natbib Warning: Citation `dr_Dhu02b' on page 61 undefined on input line
 742.


Package natbib Warning: Citation `dr_Dhu02b' on page 61 undefined on input line
 742.


LaTeX Warning: Reference `tab:site-loc-par-sourcezones' on page 61 undefined on
 input line 757.

[61] [62 <./diags/fig-hsource-eventstatstri.pdf>] [63 <./diags/fig-hsource-even
tstatsrec.pdf>] [64 <./diags/fig-hsource-eventstats_tri_rec.pdf>] [65 <./diags/
fig-hsource-eventstatsall.pdf>]

Package natbib Warning: Citation `dr_Wells94a' on page 66 undefined on input li
ne 765.


LaTeX Warning: Reference `sec:event-catalogue' on page 66 undefined on input li
ne 782.

[66] [67]

LaTeX Warning: Reference `tab:site-loc-par-sourcezones' on page 68 undefined on
 input line 889.


LaTeX Warning: Reference `tab:site-loc-par-sourcepolys' on page 68 undefined on
 input line 897.

[68] [69]

LaTeX Warning: Reference `app:discret-pdf' on page 70 undefined on input line 1
011.

[70]) [71] [72]
\openout2 = `eqrmtech-hv-grids.aux'.

 (./eqrmtech-hv-grids.tex
Chapter 4.
[73



] [74] [75]

Package natbib Warning: Citation `dr_FEMA99b' on page 76 undefined on input lin
e 148.


Package natbib Warning: Citation `dr_Stehle01a' on page 76 undefined on input l
ine 150.


Package natbib Warning: Citation `dr_Stehle01a' on page 76 undefined on input l
ine 225.

[76] [77]

Package natbib Warning: Citation `dr_Fulford02a' on page 78 undefined on input 
line 272.


LaTeX Warning: Reference `app:buildingpars' on page 78 undefined on input line 
273.


LaTeX Warning: Reference `tab:vdam-building-parameters' on page 78 undefined on
 input line 274.


Package natbib Warning: Citation `dr_ABS01a' on page 78 undefined on input line
 293.


Package natbib Warning: Citation `dr_FEMA99b' on page 78 undefined on input lin
e 295.


Package natbib Warning: Citation `dr_ABS01a' on page 78 undefined on input line
 302.


Package natbib Warning: Citation `dr_ABS01a' on page 78 undefined on input line
 302.


LaTeX Warning: Float too large for page by 48.09898pt on input line 360.


Package natbib Warning: Citation `dr_FEMA99b' on page 78 undefined on input lin
e 367.


Package natbib Warning: Citation `dr_FEMA99b' on page 78 undefined on input lin
e 367.

[78] [79] [80] [81]
Overfull \hbox (47.32198pt too wide) in paragraph at lines 450--450
[]\OT1/cmtt/m/n/12 */datacvt| 
 []


Overfull \hbox (47.32198pt too wide) in paragraph at lines 451--451
[]\OT1/cmtt/m/n/12 */datacvt| 
 []


Overfull \hbox (47.32198pt too wide) in paragraph at lines 452--452
[]\OT1/cmtt/m/n/12 */datacvt| 
 []


Underfull \hbox (badness 2080) in paragraph at lines 453--454
[]\OT1/cmr/m/n/12 Tool for cre-at-ing earth-quake haz-ard
 []


Overfull \hbox (110.06pt too wide) in paragraph at lines 455--455
[]\OT1/cmtt/m/n/12 <site[]loc>[]par[]study| 
 []


Overfull \hbox (103.885pt too wide) in paragraph at lines 456--456
[]\OT1/cmtt/m/n/12 <site[]loc>[]par[]site| 
 []


Overfull \hbox (103.885pt too wide) in paragraph at lines 457--457
[]\OT1/cmtt/m/n/12 <site[]loc>[]par[]site| 
 []

) [82

]
\openout2 = `eqrmtech-h-attn.aux'.

 (./eqrmtech-h-attn.tex
Chapter 5.
[83



]
Missing character: There is no â in font cmr12!
Missing character: There is no € in font cmr12!
Missing character: There is no ™ in font cmr12!
 [84] <diags/fig-hattn-distance.pdf, id=443, 614.295pt x 794.97pt>
File: diags/fig-hattn-distance.pdf Graphic file (type pdf)

<use diags/fig-hattn-distance.pdf> [85] [86 <./diags/fig-hattn-distance.pdf>]
[87]

Package natbib Warning: Citation `eqrm_Sadigh97a' on page 88 undefined on input
 line 201.


Package natbib Warning: Citation `dr_Gaull90a' on page 88 undefined on input li
ne 222.


Package natbib Warning: Citation `dr_Atkinson97a' on page 88 undefined on input
 line 224.


Package natbib Warning: Citation `eqrm_Toro97a' on page 88 undefined on input l
ine 226.


Package natbib Warning: Citation `eqrm_Campbell03a' on page 88 undefined on inp
ut line 228.


Overfull \hbox (39.04825pt too wide) in paragraph at lines 190--248
 [][] 
 []


LaTeX Warning: Float too large for page by 32.602pt on input line 248.

[88] [89


]

LaTeX Warning: Reference `tab:Somerville09_Non_Cratonic' on page 90 undefined o
n input line 352.


Overfull \hbox (9.49142pt too wide) in paragraph at lines 364--394
[][] 
 []

[90] [91]

Package natbib Warning: Citation `eqrm_Johnstone96a' on page 92 undefined on in
put line 470.

[92] [93]
Overfull \hbox (71.55858pt too wide) in paragraph at lines 486--542
 [][] 
 []


LaTeX Warning: Float too large for page by 44.65213pt on input line 542.

[94] [95


]

LaTeX Warning: Reference `attn:atten-formula' on page 96 undefined on input lin
e 676.


LaTeX Warning: Reference `attn:implementation' on page 96 undefined on input li
ne 676.

[96] <diags/fig-hattn-random.pdf, id=488, 614.295pt x 794.97pt>
File: diags/fig-hattn-random.pdf Graphic file (type pdf)

<use diags/fig-hattn-random.pdf> [97] [98 <./diags/fig-hattn-random.pdf>]
[99] <diags/fig-hattn-spawning.pdf, id=501, 614.295pt x 794.97pt>
File: diags/fig-hattn-spawning.pdf Graphic file (type pdf)

<use diags/fig-hattn-spawning.pdf> [100] [101 <./diags/fig-hattn-spawning.pdf>]

Overfull \hbox (1.12889pt too wide) in paragraph at lines 886--886
[]\OT1/cmr/bx/n/17.28 Using mul-ti-ple GM-PEs - In-cor-po-rat-ing epis-
 []


LaTeX Warning: Reference `sec:application-setdata' on page 102 undefined on inp
ut line 891.


LaTeX Warning: Reference `tab:attn-flags' on page 102 undefined on input line 9
05.

[102]) [103] [104]
\openout2 = `eqrmtech-h-regolith.aux'.

 (./eqrmtech-h-regolith.tex
Chapter 6.

Package natbib Warning: Citation `dr_Borcherdt76a' on page 105 undefined on inp
ut line 11.


Package natbib Warning: Citation `dr_Murphy71a' on page 105 undefined on input 
line 11.


Package natbib Warning: Citation `dr_Meremonte96a' on page 105 undefined on inp
ut line 15.


Package natbib Warning: Citation `dr_Robinson06a' on page 105 undefined on inpu
t line 32.


Package natbib Warning: Citation `dr_Dhu02b' on page 105 undefined on input lin
e 34.

[105



] <diags/fig-hregolith-crosssections.pdf, id=532, 614.295pt x 794.97pt>
File: diags/fig-hregolith-crosssections.pdf Graphic file (type pdf)

<use diags/fig-hregolith-crosssections.pdf>

Package natbib Warning: Citation `dr_Dhu02b' on page 106 undefined on input lin
e 49.


Package natbib Warning: Citation `dr_Dhu02b' on page 106 undefined on input lin
e 49.

<diags/fig-hregolith-ampfactors.pdf, id=533, 614.295pt x 794.97pt>
File: diags/fig-hregolith-ampfactors.pdf Graphic file (type pdf)

<use diags/fig-hregolith-ampfactors.pdf>

LaTeX Warning: Reference `app:regolith-datafile-complete' on page 106 undefined
 on input line 75.


Package natbib Warning: Citation `dr_Dhu02b' on page 106 undefined on input lin
e 77.

LaTeX Font Info:    Try loading font information for OMS+cmtt on input line 93.

LaTeX Font Info:    No file OMScmtt.fd. on input line 93.

LaTeX Font Warning: Font shape `OMS/cmtt/m/n' undefined
(Font)              using `OMS/cmsy/m/n' instead
(Font)              for symbol `textbraceleft' on input line 93.


Overfull \hbox (51.418pt too wide) in paragraph at lines 98--98
[]\OT1/cmtt/m/n/12 ln[]site\OMS/cmtt/m/n/12 f\OT1/cmtt/m/n/12 1\OMS/cmtt/m/n/12
 g| 
 []


Overfull \hbox (69.94301pt too wide) in paragraph at lines 101--101
[]\OT1/cmtt/m/n/12 stdln[]site\OMS/cmtt/m/n/12 f\OT1/cmtt/m/n/12 1\OMS/cmtt/m/n
/12 g| 
 []


Underfull \hbox (badness 2460) in paragraph at lines 101--102
\OT1/cmr/m/n/12 am-pli-fi-ca-tion fac-tors $\OML/cmm/m/it/12 ^^[[]\OT1/cmr/m/n/
12 (\OML/cmm/m/it/12 T[]; r[]; PGA[]\OT1/cmr/m/n/12 )$(at
 []


LaTeX Warning: Reference `attn:implementation' on page 106 undefined on input l
ine 122.

[106] [107 <./diags/fig-hregolith-crosssections.pdf>] [108 <./diags/fig-hregoli
th-ampfactors.pdf>]
Overfull \hbox (12.7942pt too wide) in paragraph at lines 142--150
[]\OT1/cmr/m/n/12 . The ac-tual se-lec-tion made
 []

[109]) [110] [111]
\openout2 = `eqrmtech-v-damage.aux'.

 (./eqrmtech-v-damage.tex
Chapter 7.

Package natbib Warning: Citation `dr_FEMA99b' on page 112 undefined on input li
ne 8.


Package natbib Warning: Citation `dr_FEMA99b' on page 112 undefined on input li
ne 13.


Package natbib Warning: Citation `dr_Kircher97a' on page 112 undefined on input
 line 13.


Package natbib Warning: Citation `dr_Kircher97a' on page 112 undefined on input
 line 17.


Package natbib Warning: Citation `dr_Chopra01c' on page 112 undefined on input 
line 52.

[112



] <diags/fig-vdamage-capspect.pdf, id=567, 614.295pt x 794.97pt>
File: diags/fig-vdamage-capspect.pdf Graphic file (type pdf)

<use diags/fig-vdamage-capspect.pdf> [113 <./diags/fig-vdamage-capspect.pdf>]
<diags/fig-vdamage-cap.pdf, id=574, 614.295pt x 794.97pt>
File: diags/fig-vdamage-cap.pdf Graphic file (type pdf)

<use diags/fig-vdamage-cap.pdf> [114 <./diags/fig-vdamage-cap.pdf>] [115]

Package natbib Warning: Citation `dr_FEMA99b' on page 116 undefined on input li
ne 211.


Package natbib Warning: Citation `dr_Stehle01a' on page 116 undefined on input 
line 215.

<diags/fig-vdamage-caprand.pdf, id=584, 614.295pt x 794.97pt>
File: diags/fig-vdamage-caprand.pdf Graphic file (type pdf)

<use diags/fig-vdamage-caprand.pdf> [116]

Package natbib Warning: Citation `dr_Stehle01a' on page 117 undefined on input 
line 272.


Package natbib Warning: Citation `Newmark82' on page 117 undefined on input lin
e 275.


Package natbib Warning: Citation `dr_FEMA99b' on page 117 undefined on input li
ne 277.


Package natbib Warning: Citation `Newmark82' on page 117 undefined on input lin
e 278.

[117 <./diags/fig-vdamage-caprand.pdf>]
<diags/fig-vdamage-damping.pdf, id=594, 614.295pt x 794.97pt>
File: diags/fig-vdamage-damping.pdf Graphic file (type pdf)

<use diags/fig-vdamage-damping.pdf> [118 <./diags/fig-vdamage-damping.pdf>]

Package natbib Warning: Citation `Newmark82' on page 119 undefined on input lin
e 326.


Package natbib Warning: Citation `Newmark82' on page 119 undefined on input lin
e 361.


LaTeX Warning: Reference `app:buildingpars' on page 119 undefined on input line
 369.


LaTeX Warning: Reference `tab:vdam-bfactors-damping' on page 119 undefined on i
nput line 369.

[119] <diags/fig-vdamage-hyst.pdf, id=605, 614.295pt x 794.97pt>
File: diags/fig-vdamage-hyst.pdf Graphic file (type pdf)

<use diags/fig-vdamage-hyst.pdf> [120 <./diags/fig-vdamage-hyst.pdf>]
<diags/fig-vdamage-hyst3.pdf, id=612, 614.295pt x 794.97pt>
File: diags/fig-vdamage-hyst3.pdf Graphic file (type pdf)

<use diags/fig-vdamage-hyst3.pdf>
<diags/fig-vdamage-hyst2.pdf, id=613, 614.295pt x 794.97pt>
File: diags/fig-vdamage-hyst2.pdf Graphic file (type pdf)

<use diags/fig-vdamage-hyst2.pdf> [121 <./diags/fig-vdamage-hyst3.pdf>]

LaTeX Warning: Reference `app:buildingpars' on page 122 undefined on input line
 478.


LaTeX Warning: Reference `tab:vdam-bfactors-damping' on page 122 undefined on i
nput line 479.


Package natbib Warning: Citation `dr_Fulford02a' on page 122 undefined on input
 line 482.

[122 <./diags/fig-vdamage-hyst2.pdf>]
<diags/fig-vdamage-intersect.pdf, id=626, 614.295pt x 794.97pt>
File: diags/fig-vdamage-intersect.pdf Graphic file (type pdf)

<use diags/fig-vdamage-intersect.pdf> [123 <./diags/fig-vdamage-intersect.pdf>]

Package natbib Warning: Citation `dr_FEMA99b' on page 124 undefined on input li
ne 553.


Package natbib Warning: Citation `dr_FEMA99b' on page 124 undefined on input li
ne 555.


Package natbib Warning: Citation `dr_FEMA99b' on page 124 undefined on input li
ne 563.

<diags/fig-vdamage-frag.pdf, id=632, 614.295pt x 794.97pt>
File: diags/fig-vdamage-frag.pdf Graphic file (type pdf)

<use diags/fig-vdamage-frag.pdf> [124]

LaTeX Warning: Reference `tab:vdam-building-parameters' on page 125 undefined o
n input line 642.


LaTeX Warning: Reference `app:buildingpars' on page 125 undefined on input line
 646.

[125 <./diags/fig-vdamage-frag.pdf>]
<diags/fig-vdamage-frag-step.pdf, id=643, 614.295pt x 794.97pt>
File: diags/fig-vdamage-frag-step.pdf Graphic file (type pdf)

<use diags/fig-vdamage-frag-step.pdf>

Package natbib Warning: Citation `dr_FEMA99b' on page 126 undefined on input li
ne 669.

[126 <./diags/fig-vdamage-frag-step.pdf>]
<diags/fig-vdamage-frag-inc.pdf, id=650, 614.295pt x 794.97pt>
File: diags/fig-vdamage-frag-inc.pdf Graphic file (type pdf)

<use diags/fig-vdamage-frag-inc.pdf>

Package natbib Warning: Citation `dr_Kircher97b' on page 127 undefined on input
 line 725.


Package natbib Warning: Citation `dr_Patchett04a' on page 127 undefined on inpu
t line 753.

[127] [128 <./diags/fig-vdamage-frag-inc.pdf>]

Package natbib Warning: Citation `dr_Edwards04a' on page 129 undefined on input
 line 765.


Overfull \hbox (53.49698pt too wide) in paragraph at lines 788--788
[]\OT1/cmtt/m/n/12 buildfacts| 
 []


LaTeX Warning: Reference `sec:application-setdata' on page 129 undefined on inp
ut line 789.


LaTeX Warning: Reference `sec:application-setdata' on page 129 undefined on inp
ut line 790.


LaTeX Warning: Reference `sec:application-setdata' on page 129 undefined on inp
ut line 791.

)
Overfull \hbox (0.49799pt too wide) in paragraph at lines 773--136
[] 
 []

[129] [130]
\openout2 = `eqrmtech-v-losses.aux'.

 (./eqrmtech-v-losses.tex
Chapter 8.
[131



] [132]

Package natbib Warning: Citation `dr_Fulford02a' on page 133 undefined on input
 line 128.

(./tab-v-losses-repcosts.tex) [133]

Package natbib Warning: Citation `dr_FEMA99b' on page 134 undefined on input li
ne 165.


Package natbib Warning: Citation `dr_FEMA99b' on page 134 undefined on input li
ne 185.


Package natbib Warning: Citation `dr_FEMA99b' on page 134 undefined on input li
ne 217.

[134]

Package natbib Warning: Citation `dr_FEMA99b' on page 135 undefined on input li
ne 223.

[135]

Package natbib Warning: Citation `dr_FEMA99b' on page 136 undefined on input li
ne 295.


Overfull \hbox (78.19699pt too wide) in paragraph at lines 304--304
[]\OT1/cmtt/m/n/12 */eqrm/datacvt| 
 []


Overfull \hbox (87.08899pt too wide) in paragraph at lines 305--305
[]\OT1/cmtt/m/n/12 per[]replace[]cost| 
 []


Underfull \hbox (badness 10000) in paragraph at lines 305--306
[]\OT1/cmr/m/n/12 Converts the \OT1/cmtt/m/n/12 RcPerWrt\OT1/cmr/m/n/12 -\OT1/c
mtt/m/n/12 BuildCFCB\OT1/cmr/m/n/12 -
 []


Underfull \hbox (badness 10000) in paragraph at lines 305--306
\OT1/cmtt/m/n/12 usageEdwards\OT1/cmr/m/n/12 -\OT1/cmtt/m/n/12 .xls[] \OT1/cmr/
m/n/12 and \OT1/cmtt/m/n/12 RcPerWrt\OT1/cmr/m/n/12 -
 []


Overfull \hbox (96.722pt too wide) in paragraph at lines 308--308
[]\OT1/cmtt/m/n/12 RcPerWrtBuildCFCB| 
 []


Underfull \hbox (badness 2401) in paragraph at lines 308--309
[]\OT1/cmr/m/n/12 Replacement cost com-po-nent of the
 []


Underfull \hbox (badness 1406) in paragraph at lines 308--309
\OT1/cmr/m/n/12 build-ing per unit floor area for the
 []


Overfull \hbox (109.072pt too wide) in paragraph at lines 309--309
[]\OT1/cmtt/m/n/12 RcPerWrtBuildCHazus| 
 []


Underfull \hbox (badness 2401) in paragraph at lines 309--310
[]\OT1/cmr/m/n/12 Replacement cost com-po-nent of the
 []


Overfull \hbox (68.56398pt too wide) in paragraph at lines 315--315
[]\OT1/cmtt/m/n/12 <site[]loc>[]db| 
 []

) [136] [137] [138]
\openout2 = `eqrmtech-v-risk.aux'.

 (./eqrmtech-v-risk.tex
Chapter 9.

Package natbib Warning: Citation `dr_McGuire90a' on page 139 undefined on input
 line 27.

[139



] [140] <diags/fig-risk-hzdmap.pdf, id=698, 614.295pt x 794.97pt>
File: diags/fig-risk-hzdmap.pdf Graphic file (type pdf)

<use diags/fig-risk-hzdmap.pdf>
<diags/fig-risk-hzdexceedcurve.pdf, id=699, 614.295pt x 794.97pt>
File: diags/fig-risk-hzdexceedcurve.pdf Graphic file (type pdf)

<use diags/fig-risk-hzdexceedcurve.pdf>
Overfull \hbox (201.72853pt too wide) in paragraph at lines 156--158
[][] 
 []


LaTeX Warning: Float too large for page by 222.23383pt on input line 160.

[141] [142 <./diags/fig-risk-hzdmap.pdf>]
<diags/fig-risk-uhs.pdf, id=711, 614.295pt x 794.97pt>
File: diags/fig-risk-uhs.pdf Graphic file (type pdf)

<use diags/fig-risk-uhs.pdf>
Overfull \hbox (201.72853pt too wide) in paragraph at lines 173--175
[][] 
 []


LaTeX Warning: Float too large for page by 224.56714pt on input line 177.

[143] [144 <./diags/fig-risk-hzdexceedcurve.pdf>] [145 <./diags/fig-risk-uhs.pd
f>] <diags/fig-risk-pml.pdf, id=728, 614.295pt x 794.97pt>
File: diags/fig-risk-pml.pdf Graphic file (type pdf)

<use diags/fig-risk-pml.pdf>
Overfull \hbox (201.72853pt too wide) in paragraph at lines 240--242
[][] 
 []


LaTeX Warning: Float too large for page by 224.56714pt on input line 243.

[146] [147 <./diags/fig-risk-pml.pdf>]
<diags/fig-risk-deaggdistmag.pdf, id=739, 614.295pt x 794.97pt>
File: diags/fig-risk-deaggdistmag.pdf Graphic file (type pdf)

<use diags/fig-risk-deaggdistmag.pdf>
Overfull \hbox (201.72853pt too wide) in paragraph at lines 306--309
[][] 
 []


LaTeX Warning: Float too large for page by 224.56714pt on input line 310.

<diags/fig-risk-deaggstruct.pdf, id=740, 614.295pt x 794.97pt>
File: diags/fig-risk-deaggstruct.pdf Graphic file (type pdf)

<use diags/fig-risk-deaggstruct.pdf>
Overfull \hbox (201.72853pt too wide) in paragraph at lines 312--314
[][] 
 []


LaTeX Warning: Float too large for page by 224.56714pt on input line 316.


Overfull \hbox (5.252pt too wide) in paragraph at lines 327--334
\OT1/cmr/m/n/12 alised loss into the four ma-jor con-struc-tion types; wood fra
med, un-reinforced
 []

[148] [149 <./diags/fig-risk-deaggdistmag.pdf>] [150 <./diags/fig-risk-deaggstr
uct.pdf>] <diags/fig-risk-scen-hist.pdf, id=761, 614.295pt x 794.97pt>
File: diags/fig-risk-scen-hist.pdf Graphic file (type pdf)

<use diags/fig-risk-scen-hist.pdf>
Overfull \hbox (201.72853pt too wide) in paragraph at lines 356--358
[][] 
 []


LaTeX Warning: Float too large for page by 224.56714pt on input line 359.


Overfull \hbox (68.56398pt too wide) in paragraph at lines 382--382
[]\OT1/cmtt/m/n/12 <site[]loc>[]db| 
 []


Overfull \hbox (99.439pt too wide) in paragraph at lines 390--390
[]\OT1/cmtt/m/n/12 calc[]annloss[]deagg| 
 []


Overfull \hbox (99.439pt too wide) in paragraph at lines 391--391
[]\OT1/cmtt/m/n/12 calc[]annloss[]deagg| 
 []


Overfull \hbox (99.439pt too wide) in paragraph at lines 392--392
[]\OT1/cmtt/m/n/12 calc[]annloss[]deagg| 
 []

) [151] [152 <./diags/fig-risk-scen-hist.pdf>] [153]
No file eqrmtech.bbl.
No file eqrmtech.ind.

Package natbib Warning: There were undefined citations.

(./eqrmtech.aux (./eqrmtech-intro.aux) (./eqrmtech-hv-application.aux)
(./eqrmtech-h-source.aux) (./eqrmtech-hv-grids.aux) (./eqrmtech-h-attn.aux)
(./eqrmtech-h-regolith.aux) (./eqrmtech-v-damage.aux) (./eqrmtech-v-losses.aux)
(./eqrmtech-v-risk.aux))

LaTeX Font Warning: Some font shapes were not available, defaults substituted.


LaTeX Warning: There were undefined references.


LaTeX Warning: There were multiply-defined labels.

 ) 
Here is how much of TeX's memory you used:
 4295 strings out of 94500
 60415 string characters out of 1173670
 139481 words of memory out of 1000000
 7285 multiletter control sequences out of 10000+50000
 15455 words of font info for 58 fonts, out of 500000 for 2000
 580 hyphenation exceptions out of 1000
 35i,17n,42p,1179b,1425s stack positions out of 1500i,500n,5000p,200000b,5000s
PDF statistics:
 773 PDF objects out of 300000
 0 named destinations out of 131072
 181 words of extra memory for PDF output out of 65536
</usr/share/texmf/fonts/type1/bluesky/latex/line10.pfb></usr/share/texmf/font
s/type1/bluesky/cm/cmr7.pfb></usr/share/texmf/fonts/type1/bluesky/cm/cmr6.pfb><
/usr/share/texmf/fonts/type1/bluesky/cm/cmsy6.pfb></usr/share/texmf/fonts/type1
/bluesky/cm/cmmi6.pfb></usr/share/texmf/fonts/type1/bluesky/cm/cmex10.pfb></usr
/share/texmf/fonts/type1/bluesky/cm/cmbx10.pfb></usr/share/texmf/fonts/type1/bl
uesky/cm/cmsy8.pfb></usr/share/texmf/fonts/type1/bluesky/cm/cmmi10.pfb></usr/sh
are/texmf/fonts/type1/bluesky/cm/cmr10.pfb></usr/share/texmf/fonts/type1/bluesk
y/cm/cmr8.pfb></usr/share/texmf/fonts/type1/bluesky/cm/cmtt12.pfb></usr/share/t
exmf/fonts/type1/bluesky/cm/cmti12.pfb></usr/share/texmf/fonts/type1/bluesky/cm
/cmmi8.pfb></usr/share/texmf/fonts/type1/bluesky/cm/cmmi12.pfb></usr/share/texm
f/fonts/type1/bluesky/cm/cmsy10.pfb></usr/share/texmf/fonts/type1/bluesky/cm/cm
bx12.pfb></usr/share/texmf/fonts/type1/bluesky/cm/cmr12.pfb></usr/share/texmf/f
onts/type1/bluesky/cm/cmr17.pfb>
Output written on eqrmtech.pdf (162 pages, 2328646 bytes).
